0 info it worked if it ends with ok
1 verbose cli [ '/usr/bin/nodejs', '/usr/bin/npm', 'run', 'make' ]
2 info using npm@3.5.2
3 info using node@v4.2.6
4 verbose run-script [ 'premake', 'make', 'postmake' ]
5 info lifecycle github-markdown-css@2.3.0~premake: github-markdown-css@2.3.0
6 silly lifecycle github-markdown-css@2.3.0~premake: no script for premake, continuing
7 info lifecycle github-markdown-css@2.3.0~make: github-markdown-css@2.3.0
8 verbose lifecycle github-markdown-css@2.3.0~make: unsafe-perm in lifecycle true
9 verbose lifecycle github-markdown-css@2.3.0~make: PATH: /usr/share/npm/bin/node-gyp-bin:/home/billin/Documents/learn/CrazyAndroid/node_modules/.bin:/usr/local/sbin:/usr/local/bin:/usr/sbin:/usr/bin:/sbin:/bin:/usr/games:/usr/local/games:/snap/bin:~/usr/scala/bin
10 verbose lifecycle github-markdown-css@2.3.0~make: CWD: /home/billin/Documents/learn/CrazyAndroid
11 silly lifecycle github-markdown-css@2.3.0~make: Args: [ '-c', 'github-markdown-css !> github-markdown.css' ]
12 info lifecycle github-markdown-css@2.3.0~make: Failed to exec make script
13 verbose stack Error: github-markdown-css@2.3.0 make: `github-markdown-css !> github-markdown.css`
13 verbose stack spawn ENOENT
13 verbose stack     at ChildProcess.<anonymous> (/usr/share/npm/lib/utils/spawn.js:17:16)
13 verbose stack     at emitTwo (events.js:87:13)
13 verbose stack     at ChildProcess.emit (events.js:172:7)
13 verbose stack     at maybeClose (internal/child_process.js:821:16)
13 verbose stack     at Process.ChildProcess._handle.onexit (internal/child_process.js:211:5)
14 verbose pkgid github-markdown-css@2.3.0
15 verbose cwd /home/billin/Documents/learn/CrazyAndroid
16 error Linux 4.4.0-31-generic
17 error argv "/usr/bin/nodejs" "/usr/bin/npm" "run" "make"
18 error node v4.2.6
19 error npm  v3.5.2
20 error file sh
21 error code ELIFECYCLE
22 error errno ENOENT
23 error syscall spawn
24 error github-markdown-css@2.3.0 make: `github-markdown-css !> github-markdown.css`
24 error spawn ENOENT
25 error Failed at the github-markdown-css@2.3.0 make script 'github-markdown-css !> github-markdown.css'.
25 error Make sure you have the latest version of node.js and npm installed.
25 error If you do, this is most likely a problem with the github-markdown-css package,
25 error not with npm itself.
25 error Tell the author that this fails on your system:
25 error     github-markdown-css !> github-markdown.css
25 error You can get information on how to open an issue for this project with:
25 error     npm bugs github-markdown-css
25 error Or if that isn't available, you can get their info via:
25 error     npm owner ls github-markdown-css
25 error There is likely additional logging output above.
26 verbose exit [ 1, true ]
